<?xml version="1.0" encoding="UTF-8"?>
<!-- Generated by org.testng.reporters.JUnitReportReporter -->
<testsuite hostname="Pramod" failures="0" tests="1" name="com.full.crud.POSTRequestTests" time="15.191" errors="0" timestamp="2023-05-07T19:25:14 IST" skipped="0">
  <testcase classname="com.full.crud.POSTRequestTests" name="test_postCreateBooking" time="15.191"/>
  <system-out/>
</testsuite> <!-- com.full.crud.POSTRequestTests -->
